<?xml version="1.0" encoding="UTF-8"?>
<!-- Generated by org.testng.reporters.JUnitReportReporter -->
<testsuite hostname="SHIVA-PC" failures="0" tests="1" name="com.scsnew.ExecuteTestCase" time="5.925" errors="0" timestamp="2023-12-16T10:15:51 IST" skipped="0">
  <testcase classname="com.scsnew.ExecuteTestCase" name="f" time="5.925"/>
  <system-out/>
</testsuite> <!-- com.scsnew.ExecuteTestCase -->
